[debug] [2024-02-14T19:38:20.829Z] ----------------------------------------------------------------------
[debug] [2024-02-14T19:38:20.831Z] Command:       C:\Program Files\nodejs\node.exe C:\Users\Asus\AppData\Roaming\npm\node_modules\firebase-tools\lib\bin\firebase.js init
[debug] [2024-02-14T19:38:20.831Z] CLI Version:   13.2.1
[debug] [2024-02-14T19:38:20.831Z] Platform:      win32
[debug] [2024-02-14T19:38:20.831Z] Node Version:  v20.3.0
[debug] [2024-02-14T19:38:20.832Z] Time:          Thu Feb 15 2024 01:08:20 GMT+0530 (India Standard Time)
[debug] [2024-02-14T19:38:20.832Z] ----------------------------------------------------------------------
[debug] 
[debug] [2024-02-14T19:38:20.837Z] > command requires scopes: ["email","openid","https://www.googleapis.com/auth/cloudplatformprojects.readonly","https://www.googleapis.com/auth/firebase","https://www.googleapis.com/auth/cloud-platform"]
[debug] [2024-02-14T19:38:20.838Z] > authorizing via signed-in user (salokiyanand7455@gmail.com)
[info] 
     ######## #### ########  ######## ########     ###     ######  ########
     ##        ##  ##     ## ##       ##     ##  ##   ##  ##       ##
     ######    ##  ########  ######   ########  #########  ######  ######
     ##        ##  ##    ##  ##       ##     ## ##     ##       ## ##
     ##       #### ##     ## ######## ########  ##     ##  ######  ########

You're about to initialize a Firebase project in this directory:

  D:\Recent Project\Final_Draft_Music_Player

[info] 
=== Project Setup
[info] 
[info] First, let's associate this project directory with a Firebase project.
[info] You can create multiple project aliases by running firebase use --add, 
[info] but for now we'll just set up a default project.
[info] 
[debug] [2024-02-14T19:38:32.505Z] >>> [apiv2][query] GET https://firebase.googleapis.com/v1beta1/projects pageSize=100
[debug] [2024-02-14T19:38:33.493Z] <<< [apiv2][status] GET https://firebase.googleapis.com/v1beta1/projects 200
[debug] [2024-02-14T19:38:33.494Z] <<< [apiv2][body] GET https://firebase.googleapis.com/v1beta1/projects [omitted]
[info] i  Using project st-studio-music (ST STUDIO MUSIC) 
[info] 
=== Database Setup
[info] i  database: ensuring required API firebasedatabase.googleapis.com is enabled... 
[debug] [2024-02-14T19:38:36.893Z] >>> [apiv2][query] GET https://serviceusage.googleapis.com/v1/projects/st-studio-music/services/firebasedatabase.googleapis.com [none]
[debug] [2024-02-14T19:38:36.893Z] >>> [apiv2][(partial)header] GET https://serviceusage.googleapis.com/v1/projects/st-studio-music/services/firebasedatabase.googleapis.com x-goog-quota-user=projects/st-studio-music
[debug] [2024-02-14T19:38:38.978Z] <<< [apiv2][status] GET https://serviceusage.googleapis.com/v1/projects/st-studio-music/services/firebasedatabase.googleapis.com 200
[debug] [2024-02-14T19:38:38.978Z] <<< [apiv2][body] GET https://serviceusage.googleapis.com/v1/projects/st-studio-music/services/firebasedatabase.googleapis.com [omitted]
[info] +  database: required API firebasedatabase.googleapis.com is enabled 
[info] 
[debug] [2024-02-14T19:38:38.980Z] >>> [apiv2][query] GET https://firebasedatabase.googleapis.com/v1beta/projects/st-studio-music/locations/-/instances/st-studio-music-default-rtdb [none]
[debug] [2024-02-14T19:38:41.091Z] <<< [apiv2][status] GET https://firebasedatabase.googleapis.com/v1beta/projects/st-studio-music/locations/-/instances/st-studio-music-default-rtdb 200
[debug] [2024-02-14T19:38:41.091Z] <<< [apiv2][body] GET https://firebasedatabase.googleapis.com/v1beta/projects/st-studio-music/locations/-/instances/st-studio-music-default-rtdb {"name":"projects/154672076560/locations/asia-southeast1/instances/st-studio-music-default-rtdb","project":"projects/154672076560","databaseUrl":"https://st-studio-music-default-rtdb.asia-southeast1.firebasedatabase.app","type":"DEFAULT_DATABASE","state":"ACTIVE"}
[info] 
[info] Firebase Realtime Database Security Rules allow you to define how your data should be
[info] structured and when your data can be read from and written to.
[info] 
[debug] [2024-02-14T19:38:44.351Z] >>> [apiv2][query] GET https://st-studio-music-default-rtdb.asia-southeast1.firebasedatabase.app/.settings/rules.json [none]
[debug] [2024-02-14T19:38:44.749Z] <<< [apiv2][status] GET https://st-studio-music-default-rtdb.asia-southeast1.firebasedatabase.app/.settings/rules.json 200
[debug] [2024-02-14T19:38:44.750Z] <<< [apiv2][body] GET https://st-studio-music-default-rtdb.asia-southeast1.firebasedatabase.app/.settings/rules.json [stream]
[info] +  Database Rules for st-studio-music-default-rtdb have been written to database.rules.json. 
[info] Future modifications to database.rules.json will update Realtime Database Security Rules when you run
[info] firebase deploy.
[info] 
=== Functions Setup
[debug] [2024-02-14T19:38:44.752Z] > command requires scopes: ["email","openid","https://www.googleapis.com/auth/cloudplatformprojects.readonly","https://www.googleapis.com/auth/firebase","https://www.googleapis.com/auth/cloud-platform"]
[debug] [2024-02-14T19:38:44.753Z] > authorizing via signed-in user (salokiyanand7455@gmail.com)
[debug] [2024-02-14T19:38:44.753Z] [iam] checking project st-studio-music for permissions ["firebase.projects.get"]
[debug] [2024-02-14T19:38:44.753Z] >>> [apiv2][query] POST https://cloudresourcemanager.googleapis.com/v1/projects/st-studio-music:testIamPermissions [none]
[debug] [2024-02-14T19:38:44.753Z] >>> [apiv2][(partial)header] POST https://cloudresourcemanager.googleapis.com/v1/projects/st-studio-music:testIamPermissions x-goog-quota-user=projects/st-studio-music
[debug] [2024-02-14T19:38:44.753Z] >>> [apiv2][body] POST https://cloudresourcemanager.googleapis.com/v1/projects/st-studio-music:testIamPermissions {"permissions":["firebase.projects.get"]}
[debug] [2024-02-14T19:38:46.385Z] <<< [apiv2][status] POST https://cloudresourcemanager.googleapis.com/v1/projects/st-studio-music:testIamPermissions 200
[debug] [2024-02-14T19:38:46.385Z] <<< [apiv2][body] POST https://cloudresourcemanager.googleapis.com/v1/projects/st-studio-music:testIamPermissions {"permissions":["firebase.projects.get"]}
[debug] [2024-02-14T19:38:46.385Z] >>> [apiv2][query] GET https://serviceusage.googleapis.com/v1/projects/st-studio-music/services/cloudfunctions.googleapis.com [none]
[debug] [2024-02-14T19:38:46.385Z] >>> [apiv2][(partial)header] GET https://serviceusage.googleapis.com/v1/projects/st-studio-music/services/cloudfunctions.googleapis.com x-goog-quota-user=projects/st-studio-music
[debug] [2024-02-14T19:38:46.388Z] >>> [apiv2][query] GET https://serviceusage.googleapis.com/v1/projects/st-studio-music/services/runtimeconfig.googleapis.com [none]
[debug] [2024-02-14T19:38:46.388Z] >>> [apiv2][(partial)header] GET https://serviceusage.googleapis.com/v1/projects/st-studio-music/services/runtimeconfig.googleapis.com x-goog-quota-user=projects/st-studio-music
[debug] [2024-02-14T19:38:48.206Z] <<< [apiv2][status] GET https://serviceusage.googleapis.com/v1/projects/st-studio-music/services/cloudfunctions.googleapis.com 200
[debug] [2024-02-14T19:38:48.206Z] <<< [apiv2][body] GET https://serviceusage.googleapis.com/v1/projects/st-studio-music/services/cloudfunctions.googleapis.com [omitted]
[debug] [2024-02-14T19:38:48.261Z] <<< [apiv2][status] GET https://serviceusage.googleapis.com/v1/projects/st-studio-music/services/runtimeconfig.googleapis.com 200
[debug] [2024-02-14T19:38:48.262Z] <<< [apiv2][body] GET https://serviceusage.googleapis.com/v1/projects/st-studio-music/services/runtimeconfig.googleapis.com [omitted]
[info] Let's create a new codebase for your functions.
[info] A directory corresponding to the codebase will be created in your project
[info] with sample code pre-configured.

[info] See https://firebase.google.com/docs/functions/organize-functions for
[info] more information on organizing your functions using codebases.

[info] Functions can be deployed with firebase deploy.

[info] +  Wrote functions/package.json 
[info] +  Wrote functions/.eslintrc.js 
[info] +  Wrote functions/index.js 
[info] +  Wrote functions/.gitignore 
[info] 
=== Hosting Setup
[debug] [2024-02-14T19:39:05.751Z] >>> [apiv2][query] GET https://firebase.googleapis.com/v1beta1/projects/st-studio-music [none]
[debug] [2024-02-14T19:39:06.509Z] <<< [apiv2][status] GET https://firebase.googleapis.com/v1beta1/projects/st-studio-music 200
[debug] [2024-02-14T19:39:06.509Z] <<< [apiv2][body] GET https://firebase.googleapis.com/v1beta1/projects/st-studio-music {"projectId":"st-studio-music","projectNumber":"154672076560","displayName":"ST STUDIO MUSIC","name":"projects/st-studio-music","resources":{"hostingSite":"st-studio-music","realtimeDatabaseInstance":"st-studio-music-default-rtdb"},"state":"ACTIVE","etag":"1_38740d65-e64f-40d7-973b-3a3d8c24b09c"}
[info] 
[info] Your public directory is the folder (relative to your project directory) that
[info] will contain Hosting assets to be uploaded with firebase deploy. If you
[info] have a build process for your assets, use your build's output directory.
[info] 
[debug] [2024-02-14T19:39:11.694Z] >>> [apiv2][query] GET https://www.gstatic.com/firebasejs/releases.json [none]
[debug] [2024-02-14T19:39:12.046Z] <<< [apiv2][status] GET https://www.gstatic.com/firebasejs/releases.json 200
[debug] [2024-02-14T19:39:12.046Z] <<< [apiv2][body] GET https://www.gstatic.com/firebasejs/releases.json {"current":{"version":"10.8.0","browserURL":"https://www.gstatic.com/firebasejs/10.8.0/firebase.js","packageURL":"https://www.gstatic.com/firebasejs/10.8.0/firebase.tgz"},"live":{"version":"10.8","browserURL":"https://www.gstatic.com/firebasejs/live/10.8/firebase.js","packageURL":"https://www.gstatic.com/firebasejs/live/10.8/firebase.tgz"},"components":{"analytics":"https://www.gstatic.com/firebasejs/10.8.0/firebase-analytics.js","app":"https://www.gstatic.com/firebasejs/10.8.0/firebase-app.js","app-check":"https://www.gstatic.com/firebasejs/10.8.0/firebase-app-check.js","auth":"https://www.gstatic.com/firebasejs/10.8.0/firebase-auth.js","auth/cordova":"https://www.gstatic.com/firebasejs/10.8.0/firebase-auth/cordova.js","auth/web-extension":"https://www.gstatic.com/firebasejs/10.8.0/firebase-auth/web-extension.js","functions":"https://www.gstatic.com/firebasejs/10.8.0/firebase-functions.js","firestore":"https://www.gstatic.com/firebasejs/10.8.0/firebase-firestore.js","firestore/lite":"https://www.gstatic.com/firebasejs/10.8.0/firebase-firestore/lite.js","installations":"https://www.gstatic.com/firebasejs/10.8.0/firebase-installations.js","storage":"https://www.gstatic.com/firebasejs/10.8.0/firebase-storage.js","performance":"https://www.gstatic.com/firebasejs/10.8.0/firebase-performance.js","remote-config":"https://www.gstatic.com/firebasejs/10.8.0/firebase-remote-config.js","messaging":"https://www.gstatic.com/firebasejs/10.8.0/firebase-messaging.js","messaging/sw":"https://www.gstatic.com/firebasejs/10.8.0/firebase-messaging/sw.js","database":"https://www.gstatic.com/firebasejs/10.8.0/firebase-database.js","firestore.memory":"https://www.gstatic.com/firebasejs/10.8.0/firebase-firestore.memory.js"}}
[info] +  Wrote public/index.html 
[info] 
[info] i  Didn't detect a .git folder. Assuming D:\Recent Project\Final_Draft_Music_Player is the project root. 
[info] i  Authorizing with GitHub to upload your service account to a GitHub repository's secrets store. 
[info] 
[info] Visit this URL on this device to log in:
[info] https://github.com/login/oauth/authorize?client_id=89cf50f02ac6aaed3484&state=576404343&redirect_uri=http%3A%2F%2Flocalhost%3A9005&scope=read%3Auser%20repo%20public_repo
[info] 
[info] Waiting for authentication...
[debug] [2024-02-14T19:39:34.851Z] >>> [apiv2][query] POST https://github.com/login/oauth/access_token [none]
[debug] [2024-02-14T19:39:34.853Z] >>> [apiv2][body] POST https://github.com/login/oauth/access_token [stream]
[debug] [2024-02-14T19:39:35.229Z] <<< [apiv2][status] POST https://github.com/login/oauth/access_token 200
[debug] [2024-02-14T19:39:35.230Z] <<< [apiv2][body] POST https://github.com/login/oauth/access_token {"access_token":"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","token_type":"bearer","scope":"read:user,repo"}
[debug] [2024-02-14T19:39:35.250Z] >>> [apiv2][query] GET https://api.github.com/user [none]
[debug] [2024-02-14T19:39:35.621Z] <<< [apiv2][status] GET https://api.github.com/user 200
[debug] [2024-02-14T19:39:35.621Z] <<< [apiv2][body] GET https://api.github.com/user {"login":"Anand6337","id":107881311,"node_id":"U_kgDOBm4jXw","avatar_url":"https://avatars.githubusercontent.com/u/107881311?v=4","gravatar_id":"","url":"https://api.github.com/users/Anand6337","html_url":"https://github.com/Anand6337","followers_url":"https://api.github.com/users/Anand6337/followers","following_url":"https://api.github.com/users/Anand6337/following{/other_user}","gists_url":"https://api.github.com/users/Anand6337/gists{/gist_id}","starred_url":"https://api.github.com/users/Anand6337/starred{/owner}{/repo}","subscriptions_url":"https://api.github.com/users/Anand6337/subscriptions","organizations_url":"https://api.github.com/users/Anand6337/orgs","repos_url":"https://api.github.com/users/Anand6337/repos","events_url":"https://api.github.com/users/Anand6337/events{/privacy}","received_events_url":"https://api.github.com/users/Anand6337/received_events","type":"User","site_admin":false,"name":"Anand Salokiya","company":null,"blog":"","location":"Indore (M.P)","email":null,"hireable":null,"bio":"Hello, I'm Anand Salokiya currently pursuing B.Tech (CSBS) from SVVIIT - INDORE, Currently, I am learning Android Development with the flutter framework ","twitter_username":null,"public_repos":12,"public_gists":0,"followers":0,"following":0,"created_at":"2022-06-20T17:41:25Z","updated_at":"2024-02-07T17:06:16Z","private_gists":0,"total_private_repos":1,"owned_private_repos":1,"disk_usage":88809,"collaborators":0,"two_factor_authentication":false,"plan":{"name":"free","space":976562499,"collaborators":0,"private_repos":10000}}
[info] 
[info] +  Success! Logged into GitHub as Anand6337 
[info] 
[debug] [2024-02-14T19:39:49.955Z] >>> [apiv2][query] GET https://api.github.com/repos//actions/secrets/public-key type=owner
[debug] [2024-02-14T19:39:50.263Z] <<< [apiv2][status] GET https://api.github.com/repos//actions/secrets/public-key 404
[debug] [2024-02-14T19:39:50.263Z] <<< [apiv2][body] GET https://api.github.com/repos//actions/secrets/public-key {"message":"Not Found","documentation_url":"https://docs.github.com/rest"}
[info] 
[info] 
[error] !  The provided authorization cannot be used with this repository. If this repository is in an organization, did you remember to grant access? 
[info] 
[info] i  Action required: Visit this URL to ensure access has been granted to the appropriate organization(s) for the Firebase CLI GitHub OAuth App: 
[info] https://github.com/settings/connections/applications/89cf50f02ac6aaed3484
[info] 
